<?xml version="1.0" encoding="UTF-8"?>
<testsuite name="com.propertymanager.repository.PropertyRepositoryTest" tests="6" skipped="0" failures="0" errors="0" timestamp="2025-03-26T09:22:55" hostname="georgioskarametas-MacBook-Pro" time="0.49">
  <properties/>
  <testcase name="findAll_ShouldReturnAllProperties_WithAutoCommit()" classname="com.propertymanager.repository.PropertyRepositoryTest" time="0.457"/>
  <testcase name="verifyNoProperties()" classname="com.propertymanager.repository.PropertyRepositoryTest" time="0.004"/>
  <testcase name="saveAndRollback_ShouldNotPersistProperty()" classname="com.propertymanager.repository.PropertyRepositoryTest" time="0.006"/>
  <testcase name="findById_ShouldReturnProperty_WithAutoCommit()" classname="com.propertymanager.repository.PropertyRepositoryTest" time="0.004"/>
  <testcase name="delete_ShouldRemoveProperty_WithAutoCommit()" classname="com.propertymanager.repository.PropertyRepositoryTest" time="0.01"/>
  <testcase name="save_ShouldPersistProperty_WithAutoCommit()" classname="com.propertymanager.repository.PropertyRepositoryTest" time="0.004"/>
  <system-out><![CDATA[09:22:53.822 [Test worker] INFO org.springframework.test.context.support.AnnotationConfigContextLoaderUtils -- Could not detect default configuration classes for test class [com.propertymanager.repository.PropertyRepositoryTest]: PropertyRepositoryTest does not declare any static, non-private, non-final, nested classes annotated with @Configuration.
09:22:53.883 [Test worker] INFO org.springframework.boot.test.context.SpringBootTestContextBootstrapper -- Found @SpringBootConfiguration com.propertymanager.PropertyManagerApplication for test class com.propertymanager.repository.PropertyRepositoryTest

  .   ____          _            __ _ _
 /\\ / ___'_ __ _ _(_)_ __  __ _ \ \ \ \
( ( )\___ | '_ | '_| | '_ \/ _` | \ \ \ \
 \\/  ___)| |_)| | | | | || (_| |  ) ) ) )
  '  |____| .__|_| |_|_| |_\__, | / / / /
 =========|_|==============|___/=/_/_/_/
 :: Spring Boot ::                (v3.2.3)

2025-03-26T09:22:54.045Z  INFO 62567 --- [    Test worker] c.p.repository.PropertyRepositoryTest    : Starting PropertyRepositoryTest using Java 21.0.3 with PID 62567 (started by georgios.karametas in /Users/georgios.karametas/Dev/property-manager)
2025-03-26T09:22:54.046Z  INFO 62567 --- [    Test worker] c.p.repository.PropertyRepositoryTest    : The following 1 profile is active: "test"
2025-03-26T09:22:54.191Z  INFO 62567 --- [    Test worker] .s.d.r.c.RepositoryConfigurationDelegate : Bootstrapping Spring Data JPA repositories in DEFAULT mode.
2025-03-26T09:22:54.214Z  INFO 62567 --- [    Test worker] .s.d.r.c.RepositoryConfigurationDelegate : Finished Spring Data repository scanning in 19 ms. Found 1 JPA repository interface.
2025-03-26T09:22:54.236Z  INFO 62567 --- [    Test worker] beddedDataSourceBeanFactoryPostProcessor : Replacing 'dataSource' DataSource bean with embedded version
2025-03-26T09:22:54.311Z  INFO 62567 --- [    Test worker] o.s.j.d.e.EmbeddedDatabaseFactory        : Starting embedded database: url='jdbc:h2:mem:34baae6e-4115-413a-86c4-1a4795a27aaf;DB_CLOSE_DELAY=-1;DB_CLOSE_ON_EXIT=false', username='sa'
2025-03-26T09:22:54.443Z  INFO 62567 --- [    Test worker] o.hibernate.jpa.internal.util.LogHelper  : HHH000204: Processing PersistenceUnitInfo [name: default]
2025-03-26T09:22:54.467Z  INFO 62567 --- [    Test worker] org.hibernate.Version                    : HHH000412: Hibernate ORM core version 6.4.4.Final
2025-03-26T09:22:54.470Z  WARN 62567 --- [    Test worker] .h.j.b.i.EntityManagerFactoryBuilderImpl : HHH000059: Defining hibernate.transaction.flush_before_completion=true ignored in HEM
2025-03-26T09:22:54.482Z  INFO 62567 --- [    Test worker] o.h.c.internal.RegionFactoryInitiator    : HHH000026: Second-level cache disabled
2025-03-26T09:22:54.585Z  INFO 62567 --- [    Test worker] o.s.o.j.p.SpringPersistenceUnitInfo      : No LoadTimeWeaver setup: ignoring JPA class transformer
2025-03-26T09:22:54.606Z  WARN 62567 --- [    Test worker] org.hibernate.dialect.Dialect            : HHH000511: The 2.2.0 version for [org.hibernate.dialect.PostgreSQLDialect] is no longer supported, hence certain features may not work properly. The minimum supported version is 12.0.0. Check the community dialects project for available legacy versions.
2025-03-26T09:22:54.609Z  WARN 62567 --- [    Test worker] org.hibernate.orm.deprecation            : HHH90000025: PostgreSQLDialect does not need to be specified explicitly using 'hibernate.dialect' (remove the property setting and it will be selected by default)
Hibernate: 
    drop table if exists properties cascade
Hibernate: 
    create table properties (
        bathrooms integer,
        bedrooms integer,
        price numeric(38,2),
        square_footage float(53),
        id bigserial not null,
        address varchar(255),
        primary key (id)
    )
2025-03-26T09:22:54.984Z  INFO 62567 --- [    Test worker] j.LocalContainerEntityManagerFactoryBean : Initialized JPA EntityManagerFactory for persistence unit 'default'
2025-03-26T09:22:55.121Z  INFO 62567 --- [    Test worker] c.p.repository.PropertyRepositoryTest    : Started PropertyRepositoryTest in 1.207 seconds (process running for 1.766)
Hibernate: 
    insert 
    into
        properties
        (address, bathrooms, bedrooms, price, square_footage) 
    values
        (?, ?, ?, ?, ?)
Hibernate: 
    insert 
    into
        properties
        (address, bathrooms, bedrooms, price, square_footage) 
    values
        (?, ?, ?, ?, ?)
Hibernate: 
    select
        p1_0.id,
        p1_0.address,
        p1_0.bathrooms,
        p1_0.bedrooms,
        p1_0.price,
        p1_0.square_footage 
    from
        properties p1_0
Hibernate: 
    select
        p1_0.id,
        p1_0.address,
        p1_0.bathrooms,
        p1_0.bedrooms,
        p1_0.price,
        p1_0.square_footage 
    from
        properties p1_0
Hibernate: 
    insert 
    into
        properties
        (address, bathrooms, bedrooms, price, square_footage) 
    values
        (?, ?, ?, ?, ?)
Hibernate: 
    insert 
    into
        properties
        (address, bathrooms, bedrooms, price, square_footage) 
    values
        (?, ?, ?, ?, ?)
Hibernate: 
    insert 
    into
        properties
        (address, bathrooms, bedrooms, price, square_footage) 
    values
        (?, ?, ?, ?, ?)
Hibernate: 
    delete 
    from
        properties 
    where
        id=?
Hibernate: 
    select
        p1_0.id,
        p1_0.address,
        p1_0.bathrooms,
        p1_0.bedrooms,
        p1_0.price,
        p1_0.square_footage 
    from
        properties p1_0 
    where
        p1_0.id=?
Hibernate: 
    insert 
    into
        properties
        (address, bathrooms, bedrooms, price, square_footage) 
    values
        (?, ?, ?, ?, ?)
]]></system-out>
  <system-err><![CDATA[WARNING: A Java agent has been loaded dynamically (/Users/georgios.karametas/.gradle/caches/modules-2/files-2.1/net.bytebuddy/byte-buddy-agent/1.14.12/be4984cb6fd1ef1d11f218a648889dfda44b8a15/byte-buddy-agent-1.14.12.jar)
WARNING: If a serviceability tool is in use, please run with -XX:+EnableDynamicAgentLoading to hide this warning
WARNING: If a serviceability tool is not in use, please run with -Djdk.instrument.traceUsage for more information
WARNING: Dynamic loading of agents will be disallowed by default in a future release
]]></system-err>
</testsuite>
