<?xml version="1.0" encoding="UTF-8"?>
<testsuite name="com.propertymanager.PropertyManagerApplicationTests" tests="1" skipped="0" failures="0" errors="0" timestamp="2025-03-26T10:48:35" hostname="59456e8701d6" time="1.768">
  <properties/>
  <testcase name="contextLoads()" classname="com.propertymanager.PropertyManagerApplicationTests" time="1.768"/>
  <system-out><![CDATA[10:48:09.204 [Test worker] INFO org.springframework.test.context.support.AnnotationConfigContextLoaderUtils -- Could not detect default configuration classes for test class [com.propertymanager.PropertyManagerApplicationTests]: PropertyManagerApplicationTests does not declare any static, non-private, non-final, nested classes annotated with @Configuration.
10:48:09.726 [Test worker] INFO org.springframework.boot.test.context.SpringBootTestContextBootstrapper -- Found @SpringBootConfiguration com.propertymanager.PropertyManagerApplication for test class com.propertymanager.PropertyManagerApplicationTests

  .   ____          _            __ _ _
 /\\ / ___'_ __ _ _(_)_ __  __ _ \ \ \ \
( ( )\___ | '_ | '_| | '_ \/ _` | \ \ \ \
 \\/  ___)| |_)| | | | | || (_| |  ) ) ) )
  '  |____| .__|_| |_|_| |_\__, | / / / /
 =========|_|==============|___/=/_/_/_/
 :: Spring Boot ::                (v3.2.3)

2025-03-26T10:48:12.480Z  INFO 145 --- [    Test worker] c.p.PropertyManagerApplicationTests      : Starting PropertyManagerApplicationTests using Java 17.0.14 with PID 145 (started by root in /app)
2025-03-26T10:48:12.485Z  INFO 145 --- [    Test worker] c.p.PropertyManagerApplicationTests      : The following 1 profile is active: "test"
2025-03-26T10:48:15.520Z  INFO 145 --- [    Test worker] .s.d.r.c.RepositoryConfigurationDelegate : Bootstrapping Spring Data JPA repositories in DEFAULT mode.
2025-03-26T10:48:15.782Z  INFO 145 --- [    Test worker] .s.d.r.c.RepositoryConfigurationDelegate : Finished Spring Data repository scanning in 209 ms. Found 1 JPA repository interface.
2025-03-26T10:48:19.213Z  INFO 145 --- [    Test worker] o.hibernate.jpa.internal.util.LogHelper  : HHH000204: Processing PersistenceUnitInfo [name: default]
2025-03-26T10:48:19.871Z  INFO 145 --- [    Test worker] org.hibernate.Version                    : HHH000412: Hibernate ORM core version 6.4.4.Final
2025-03-26T10:48:19.903Z  WARN 145 --- [    Test worker] .h.j.b.i.EntityManagerFactoryBuilderImpl : HHH000059: Defining hibernate.transaction.flush_before_completion=true ignored in HEM
2025-03-26T10:48:20.217Z  INFO 145 --- [    Test worker] o.h.c.internal.RegionFactoryInitiator    : HHH000026: Second-level cache disabled
2025-03-26T10:48:22.342Z  INFO 145 --- [    Test worker] o.s.o.j.p.SpringPersistenceUnitInfo      : No LoadTimeWeaver setup: ignoring JPA class transformer
2025-03-26T10:48:22.634Z  INFO 145 --- [    Test worker] com.zaxxer.hikari.HikariDataSource       : HikariPool-1 - Starting...
2025-03-26T10:48:24.210Z  INFO 145 --- [    Test worker] com.zaxxer.hikari.pool.HikariPool        : HikariPool-1 - Added connection conn0: url=jdbc:h2:mem:testdb user=SA
2025-03-26T10:48:24.220Z  INFO 145 --- [    Test worker] com.zaxxer.hikari.HikariDataSource       : HikariPool-1 - Start completed.
2025-03-26T10:48:24.440Z  WARN 145 --- [    Test worker] org.hibernate.dialect.Dialect            : HHH000511: The 2.2.0 version for [org.hibernate.dialect.PostgreSQLDialect] is no longer supported, hence certain features may not work properly. The minimum supported version is 12.0.0. Check the community dialects project for available legacy versions.
2025-03-26T10:48:24.491Z  WARN 145 --- [    Test worker] org.hibernate.orm.deprecation            : HHH90000025: PostgreSQLDialect does not need to be specified explicitly using 'hibernate.dialect' (remove the property setting and it will be selected by default)
Hibernate: drop table if exists properties cascade
Hibernate: create table properties (bathrooms integer not null, bedrooms integer not null, price numeric(38,2) not null, square_footage float(53) not null, id bigserial not null, description varchar(1000), address varchar(255), primary key (id))
2025-03-26T10:48:31.745Z  INFO 145 --- [    Test worker] j.LocalContainerEntityManagerFactoryBean : Initialized JPA EntityManagerFactory for persistence unit 'default'
2025-03-26T10:48:33.465Z  WARN 145 --- [    Test worker] JpaBaseConfiguration$JpaWebConfiguration : spring.jpa.open-in-view is enabled by default. Therefore, database queries may be performed during view rendering. Explicitly configure spring.jpa.open-in-view to disable this warning
2025-03-26T10:48:35.048Z  INFO 145 --- [    Test worker] c.p.PropertyManagerApplicationTests      : Started PropertyManagerApplicationTests in 24.149 seconds (process running for 28.466)
]]></system-out>
  <system-err><![CDATA[]]></system-err>
</testsuite>
