<?xml version="1.0" encoding="UTF-8"?>
<testsuite name="com.propertymanager.PropertyManagerApplicationTests" tests="1" skipped="0" failures="0" errors="0" timestamp="2025-03-26T09:22:58" hostname="georgioskarametas-MacBook-Pro" time="0.002">
  <properties/>
  <testcase name="contextLoads()" classname="com.propertymanager.PropertyManagerApplicationTests" time="0.002"/>
  <system-out><![CDATA[2025-03-26T09:22:55.621Z  INFO 62567 --- [    Test worker] t.c.s.AnnotationConfigContextLoaderUtils : Could not detect default configuration classes for test class [com.propertymanager.PropertyManagerApplicationTests]: PropertyManagerApplicationTests does not declare any static, non-private, non-final, nested classes annotated with @Configuration.
2025-03-26T09:22:55.627Z  INFO 62567 --- [    Test worker] .b.t.c.SpringBootTestContextBootstrapper : Found @SpringBootConfiguration com.propertymanager.PropertyManagerApplication for test class com.propertymanager.PropertyManagerApplicationTests
2025-03-26T09:22:55.648Z  INFO 62567 --- [    Test worker] org.testcontainers.images.PullPolicy     : Image pull policy will be performed by: DefaultPullPolicy()
2025-03-26T09:22:55.649Z  INFO 62567 --- [    Test worker] o.t.utility.ImageNameSubstitutor         : Image name substitution will be performed by: DefaultImageNameSubstitutor (composite of 'ConfigurationFileImageNameSubstitutor' and 'PrefixingImageNameSubstitutor')
2025-03-26T09:22:55.749Z  INFO 62567 --- [    Test worker] o.t.d.DockerClientProviderStrategy       : Loaded org.testcontainers.dockerclient.UnixSocketClientProviderStrategy from ~/.testcontainers.properties, will try it first
2025-03-26T09:22:55.947Z  INFO 62567 --- [    Test worker] o.t.d.DockerClientProviderStrategy       : Found Docker environment with local Unix socket (unix:///var/run/docker.sock)
2025-03-26T09:22:55.950Z  INFO 62567 --- [    Test worker] org.testcontainers.DockerClientFactory   : Docker host IP address is localhost
2025-03-26T09:22:55.969Z  INFO 62567 --- [    Test worker] org.testcontainers.DockerClientFactory   : Connected to docker: 
  Server Version: 24.0.2
  API Version: 1.43
  Operating System: Docker Desktop
  Total Memory: 7950 MB
2025-03-26T09:22:55.986Z  INFO 62567 --- [    Test worker] tc.testcontainers/ryuk:0.6.0             : Creating container for image: testcontainers/ryuk:0.6.0
2025-03-26T09:22:56.400Z  INFO 62567 --- [    Test worker] o.t.utility.RegistryAuthLocator          : Credential helper/store (docker-credential-desktop) does not have credentials for https://index.docker.io/v1/
2025-03-26T09:22:56.479Z  INFO 62567 --- [    Test worker] tc.testcontainers/ryuk:0.6.0             : Container testcontainers/ryuk:0.6.0 is starting: 6df24ad6984432bf96d2c978ac9a30fabd8a2292887ff1e7e7dd7fee7ad13661
2025-03-26T09:22:56.831Z  INFO 62567 --- [    Test worker] tc.testcontainers/ryuk:0.6.0             : Container testcontainers/ryuk:0.6.0 started in PT0.844313S
2025-03-26T09:22:56.839Z  INFO 62567 --- [    Test worker] o.t.utility.RyukResourceReaper           : Ryuk started - will monitor and terminate Testcontainers containers on JVM exit
2025-03-26T09:22:56.839Z  INFO 62567 --- [    Test worker] org.testcontainers.DockerClientFactory   : Checking the system...
2025-03-26T09:22:56.840Z  INFO 62567 --- [    Test worker] org.testcontainers.DockerClientFactory   : ✔︎ Docker server version should be at least 1.6.0
2025-03-26T09:22:56.840Z  INFO 62567 --- [    Test worker] tc.postgres:14-alpine                    : Creating container for image: postgres:14-alpine
2025-03-26T09:22:56.866Z  INFO 62567 --- [    Test worker] tc.postgres:14-alpine                    : Container postgres:14-alpine is starting: cdd757263725c233a3c1f55804b20e16ab2ec02b62929593cf66790ff836eb20
2025-03-26T09:22:58.251Z  INFO 62567 --- [    Test worker] tc.postgres:14-alpine                    : Container postgres:14-alpine started in PT1.411416S
2025-03-26T09:22:58.252Z  INFO 62567 --- [    Test worker] tc.postgres:14-alpine                    : Container is started (JDBC URL: jdbc:postgresql://localhost:54845/test?loggerLevel=OFF)

  .   ____          _            __ _ _
 /\\ / ___'_ __ _ _(_)_ __  __ _ \ \ \ \
( ( )\___ | '_ | '_| | '_ \/ _` | \ \ \ \
 \\/  ___)| |_)| | | | | || (_| |  ) ) ) )
  '  |____| .__|_| |_|_| |_\__, | / / / /
 =========|_|==============|___/=/_/_/_/
 :: Spring Boot ::                (v3.2.3)

2025-03-26T09:22:58.270Z  INFO 62567 --- [    Test worker] c.p.PropertyManagerApplicationTests      : Starting PropertyManagerApplicationTests using Java 21.0.3 with PID 62567 (started by georgios.karametas in /Users/georgios.karametas/Dev/property-manager)
2025-03-26T09:22:58.270Z  INFO 62567 --- [    Test worker] c.p.PropertyManagerApplicationTests      : No active profile set, falling back to 1 default profile: "default"
2025-03-26T09:22:58.358Z  INFO 62567 --- [    Test worker] .s.d.r.c.RepositoryConfigurationDelegate : Bootstrapping Spring Data JPA repositories in DEFAULT mode.
2025-03-26T09:22:58.361Z  INFO 62567 --- [    Test worker] .s.d.r.c.RepositoryConfigurationDelegate : Finished Spring Data repository scanning in 2 ms. Found 1 JPA repository interface.
2025-03-26T09:22:58.496Z  INFO 62567 --- [    Test worker] o.hibernate.jpa.internal.util.LogHelper  : HHH000204: Processing PersistenceUnitInfo [name: default]
2025-03-26T09:22:58.497Z  INFO 62567 --- [    Test worker] o.h.c.internal.RegionFactoryInitiator    : HHH000026: Second-level cache disabled
2025-03-26T09:22:58.499Z  INFO 62567 --- [    Test worker] o.s.o.j.p.SpringPersistenceUnitInfo      : No LoadTimeWeaver setup: ignoring JPA class transformer
2025-03-26T09:22:58.500Z  INFO 62567 --- [    Test worker] com.zaxxer.hikari.HikariDataSource       : HikariPool-1 - Starting...
2025-03-26T09:22:58.634Z  INFO 62567 --- [    Test worker] com.zaxxer.hikari.pool.HikariPool        : HikariPool-1 - Added connection org.postgresql.jdbc.PgConnection@4f1cb802
2025-03-26T09:22:58.635Z  INFO 62567 --- [    Test worker] com.zaxxer.hikari.HikariDataSource       : HikariPool-1 - Start completed.
2025-03-26T09:22:58.644Z  WARN 62567 --- [    Test worker] org.hibernate.orm.deprecation            : HHH90000025: PostgreSQLDialect does not need to be specified explicitly using 'hibernate.dialect' (remove the property setting and it will be selected by default)
2025-03-26T09:22:58.666Z  INFO 62567 --- [    Test worker] o.h.e.t.j.p.i.JtaPlatformInitiator       : HHH000489: No JTA platform available (set 'hibernate.transaction.jta.platform' to enable JTA platform integration)
Hibernate: 
    create table properties (
        id bigserial not null,
        address varchar(255),
        bathrooms integer,
        bedrooms integer,
        price numeric(38,2),
        square_footage float(53),
        primary key (id)
    )
2025-03-26T09:22:58.691Z  INFO 62567 --- [    Test worker] j.LocalContainerEntityManagerFactoryBean : Initialized JPA EntityManagerFactory for persistence unit 'default'
2025-03-26T09:22:58.765Z  WARN 62567 --- [    Test worker] JpaBaseConfiguration$JpaWebConfiguration : spring.jpa.open-in-view is enabled by default. Therefore, database queries may be performed during view rendering. Explicitly configure spring.jpa.open-in-view to disable this warning
2025-03-26T09:22:58.780Z  INFO 62567 --- [    Test worker] o.s.b.a.w.s.WelcomePageHandlerMapping    : Adding welcome page: class path resource [static/index.html]
2025-03-26T09:22:58.930Z  INFO 62567 --- [    Test worker] c.p.PropertyManagerApplicationTests      : Started PropertyManagerApplicationTests in 0.673 seconds (process running for 5.575)
]]></system-out>
  <system-err><![CDATA[]]></system-err>
</testsuite>
