<?xml version="1.0" encoding="UTF-8"?>
<testsuite name="com.propertymanager.controller.PropertyControllerTest" tests="4" skipped="0" failures="0" errors="0" timestamp="2025-03-26T09:12:59" hostname="georgioskarametas-MacBook-Pro" time="0.127">
  <properties/>
  <testcase name="getAllProperties_ShouldReturnProperties()" classname="com.propertymanager.controller.PropertyControllerTest" time="0.087"/>
  <testcase name="getPropertyById_WhenNotExists_ShouldReturn404()" classname="com.propertymanager.controller.PropertyControllerTest" time="0.012"/>
  <testcase name="getPropertyById_WhenExists_ShouldReturnProperty()" classname="com.propertymanager.controller.PropertyControllerTest" time="0.003"/>
  <testcase name="createProperty_ShouldReturnCreatedProperty()" classname="com.propertymanager.controller.PropertyControllerTest" time="0.022"/>
  <system-out><![CDATA[2025-03-26T09:12:59.601Z  INFO 61012 --- [    Test worker] t.c.s.AnnotationConfigContextLoaderUtils : Could not detect default configuration classes for test class [com.propertymanager.controller.PropertyControllerTest]: PropertyControllerTest does not declare any static, non-private, non-final, nested classes annotated with @Configuration.
2025-03-26T09:12:59.612Z  INFO 61012 --- [    Test worker] .b.t.c.SpringBootTestContextBootstrapper : Found @SpringBootConfiguration com.propertymanager.PropertyManagerApplication for test class com.propertymanager.controller.PropertyControllerTest

  .   ____          _            __ _ _
 /\\ / ___'_ __ _ _(_)_ __  __ _ \ \ \ \
( ( )\___ | '_ | '_| | '_ \/ _` | \ \ \ \
 \\/  ___)| |_)| | | | | || (_| |  ) ) ) )
  '  |____| .__|_| |_|_| |_\__, | / / / /
 =========|_|==============|___/=/_/_/_/
 :: Spring Boot ::                (v3.2.3)

2025-03-26T09:12:59.625Z  INFO 61012 --- [    Test worker] c.p.controller.PropertyControllerTest    : Starting PropertyControllerTest using Java 21.0.3 with PID 61012 (started by georgios.karametas in /Users/georgios.karametas/Dev/property-manager)
2025-03-26T09:12:59.625Z  INFO 61012 --- [    Test worker] c.p.controller.PropertyControllerTest    : No active profile set, falling back to 1 default profile: "default"
2025-03-26T09:12:59.832Z  INFO 61012 --- [    Test worker] o.s.b.a.w.s.WelcomePageHandlerMapping    : Adding welcome page: class path resource [static/index.html]
2025-03-26T09:12:59.886Z  INFO 61012 --- [    Test worker] o.s.b.t.m.w.SpringBootMockServletContext : Initializing Spring TestDispatcherServlet ''
2025-03-26T09:12:59.887Z  INFO 61012 --- [    Test worker] o.s.t.web.servlet.TestDispatcherServlet  : Initializing Servlet ''
2025-03-26T09:12:59.888Z  INFO 61012 --- [    Test worker] o.s.t.web.servlet.TestDispatcherServlet  : Completed initialization in 0 ms
2025-03-26T09:12:59.896Z  INFO 61012 --- [    Test worker] c.p.controller.PropertyControllerTest    : Started PropertyControllerTest in 0.282 seconds (process running for 5.666)
]]></system-out>
  <system-err><![CDATA[]]></system-err>
</testsuite>
