<?xml version="1.0" encoding="UTF-8"?>
<testsuite name="com.propertymanager.repository.PropertyRepositoryTest" tests="6" skipped="0" failures="0" errors="0" timestamp="2025-03-26T10:48:42" hostname="59456e8701d6" time="1.268">
  <properties/>
  <testcase name="findAll_ShouldReturnAllProperties_WithAutoCommit()" classname="com.propertymanager.repository.PropertyRepositoryTest" time="1.127"/>
  <testcase name="verifyNoProperties()" classname="com.propertymanager.repository.PropertyRepositoryTest" time="0.008"/>
  <testcase name="saveAndRollback_ShouldNotPersistProperty()" classname="com.propertymanager.repository.PropertyRepositoryTest" time="0.043"/>
  <testcase name="findById_ShouldReturnProperty_WithAutoCommit()" classname="com.propertymanager.repository.PropertyRepositoryTest" time="0.01"/>
  <testcase name="delete_ShouldRemoveProperty_WithAutoCommit()" classname="com.propertymanager.repository.PropertyRepositoryTest" time="0.067"/>
  <testcase name="save_ShouldPersistProperty_WithAutoCommit()" classname="com.propertymanager.repository.PropertyRepositoryTest" time="0.008"/>
  <system-out><![CDATA[2025-03-26T10:48:40.536Z  INFO 145 --- [    Test worker] t.c.s.AnnotationConfigContextLoaderUtils : Could not detect default configuration classes for test class [com.propertymanager.repository.PropertyRepositoryTest]: PropertyRepositoryTest does not declare any static, non-private, non-final, nested classes annotated with @Configuration.
2025-03-26T10:48:40.658Z  INFO 145 --- [    Test worker] .b.t.c.SpringBootTestContextBootstrapper : Found @SpringBootConfiguration com.propertymanager.PropertyManagerApplication for test class com.propertymanager.repository.PropertyRepositoryTest

  .   ____          _            __ _ _
 /\\ / ___'_ __ _ _(_)_ __  __ _ \ \ \ \
( ( )\___ | '_ | '_| | '_ \/ _` | \ \ \ \
 \\/  ___)| |_)| | | | | || (_| |  ) ) ) )
  '  |____| .__|_| |_|_| |_\__, | / / / /
 =========|_|==============|___/=/_/_/_/
 :: Spring Boot ::                (v3.2.3)

2025-03-26T10:48:40.874Z  INFO 145 --- [    Test worker] c.p.repository.PropertyRepositoryTest    : Starting PropertyRepositoryTest using Java 17.0.14 with PID 145 (started by root in /app)
2025-03-26T10:48:40.874Z  INFO 145 --- [    Test worker] c.p.repository.PropertyRepositoryTest    : The following 1 profile is active: "test"
2025-03-26T10:48:41.407Z  INFO 145 --- [    Test worker] .s.d.r.c.RepositoryConfigurationDelegate : Bootstrapping Spring Data JPA repositories in DEFAULT mode.
2025-03-26T10:48:41.444Z  INFO 145 --- [    Test worker] .s.d.r.c.RepositoryConfigurationDelegate : Finished Spring Data repository scanning in 36 ms. Found 1 JPA repository interface.
2025-03-26T10:48:41.482Z  INFO 145 --- [    Test worker] beddedDataSourceBeanFactoryPostProcessor : Replacing 'dataSource' DataSource bean with embedded version
2025-03-26T10:48:41.586Z  INFO 145 --- [    Test worker] o.s.j.d.e.EmbeddedDatabaseFactory        : Starting embedded database: url='jdbc:h2:mem:99c3a3b1-27f2-4cc3-81e2-9f50264a2f05;DB_CLOSE_DELAY=-1;DB_CLOSE_ON_EXIT=false', username='sa'
2025-03-26T10:48:41.641Z  INFO 145 --- [    Test worker] o.hibernate.jpa.internal.util.LogHelper  : HHH000204: Processing PersistenceUnitInfo [name: default]
2025-03-26T10:48:41.692Z  WARN 145 --- [    Test worker] .h.j.b.i.EntityManagerFactoryBuilderImpl : HHH000059: Defining hibernate.transaction.flush_before_completion=true ignored in HEM
2025-03-26T10:48:41.723Z  INFO 145 --- [    Test worker] o.h.c.internal.RegionFactoryInitiator    : HHH000026: Second-level cache disabled
2025-03-26T10:48:41.825Z  INFO 145 --- [    Test worker] o.s.o.j.p.SpringPersistenceUnitInfo      : No LoadTimeWeaver setup: ignoring JPA class transformer
2025-03-26T10:48:41.840Z  WARN 145 --- [    Test worker] org.hibernate.dialect.Dialect            : HHH000511: The 2.2.0 version for [org.hibernate.dialect.PostgreSQLDialect] is no longer supported, hence certain features may not work properly. The minimum supported version is 12.0.0. Check the community dialects project for available legacy versions.
2025-03-26T10:48:41.841Z  WARN 145 --- [    Test worker] org.hibernate.orm.deprecation            : HHH90000025: PostgreSQLDialect does not need to be specified explicitly using 'hibernate.dialect' (remove the property setting and it will be selected by default)
Hibernate: drop table if exists properties cascade
Hibernate: create table properties (bathrooms integer not null, bedrooms integer not null, price numeric(38,2) not null, square_footage float(53) not null, id bigserial not null, description varchar(1000), address varchar(255), primary key (id))
2025-03-26T10:48:42.064Z  INFO 145 --- [    Test worker] j.LocalContainerEntityManagerFactoryBean : Initialized JPA EntityManagerFactory for persistence unit 'default'
2025-03-26T10:48:42.107Z  INFO 145 --- [    Test worker] c.p.repository.PropertyRepositoryTest    : Started PropertyRepositoryTest in 1.439 seconds (process running for 35.525)
Hibernate: insert into properties (address,bathrooms,bedrooms,description,price,square_footage) values (?,?,?,?,?,?)
Hibernate: insert into properties (address,bathrooms,bedrooms,description,price,square_footage) values (?,?,?,?,?,?)
Hibernate: select p1_0.id,p1_0.address,p1_0.bathrooms,p1_0.bedrooms,p1_0.description,p1_0.price,p1_0.square_footage from properties p1_0
Hibernate: select p1_0.id,p1_0.address,p1_0.bathrooms,p1_0.bedrooms,p1_0.description,p1_0.price,p1_0.square_footage from properties p1_0
Hibernate: insert into properties (address,bathrooms,bedrooms,description,price,square_footage) values (?,?,?,?,?,?)
Hibernate: insert into properties (address,bathrooms,bedrooms,description,price,square_footage) values (?,?,?,?,?,?)
Hibernate: insert into properties (address,bathrooms,bedrooms,description,price,square_footage) values (?,?,?,?,?,?)
Hibernate: delete from properties where id=?
Hibernate: select p1_0.id,p1_0.address,p1_0.bathrooms,p1_0.bedrooms,p1_0.description,p1_0.price,p1_0.square_footage from properties p1_0 where p1_0.id=?
Hibernate: insert into properties (address,bathrooms,bedrooms,description,price,square_footage) values (?,?,?,?,?,?)
]]></system-out>
  <system-err><![CDATA[]]></system-err>
</testsuite>
