<?xml version="1.0" encoding="UTF-8"?>
<testsuite name="com.propertymanager.controller.PropertyControllerTest" tests="4" skipped="0" failures="0" errors="0" timestamp="2025-03-26T10:48:38" hostname="59456e8701d6" time="1.701">
  <properties/>
  <testcase name="getAllProperties_ShouldReturnProperties()" classname="com.propertymanager.controller.PropertyControllerTest" time="1.312"/>
  <testcase name="getPropertyById_WhenNotExists_ShouldReturn404()" classname="com.propertymanager.controller.PropertyControllerTest" time="0.076"/>
  <testcase name="getPropertyById_WhenExists_ShouldReturnProperty()" classname="com.propertymanager.controller.PropertyControllerTest" time="0.004"/>
  <testcase name="createProperty_ShouldReturnCreatedProperty()" classname="com.propertymanager.controller.PropertyControllerTest" time="0.304"/>
  <system-out><![CDATA[2025-03-26T10:48:36.931Z  INFO 145 --- [    Test worker] t.c.s.AnnotationConfigContextLoaderUtils : Could not detect default configuration classes for test class [com.propertymanager.controller.PropertyControllerTest]: PropertyControllerTest does not declare any static, non-private, non-final, nested classes annotated with @Configuration.
2025-03-26T10:48:37.032Z  INFO 145 --- [    Test worker] .b.t.c.SpringBootTestContextBootstrapper : Found @SpringBootConfiguration com.propertymanager.PropertyManagerApplication for test class com.propertymanager.controller.PropertyControllerTest

  .   ____          _            __ _ _
 /\\ / ___'_ __ _ _(_)_ __  __ _ \ \ \ \
( ( )\___ | '_ | '_| | '_ \/ _` | \ \ \ \
 \\/  ___)| |_)| | | | | || (_| |  ) ) ) )
  '  |____| .__|_| |_|_| |_\__, | / / / /
 =========|_|==============|___/=/_/_/_/
 :: Spring Boot ::                (v3.2.3)

2025-03-26T10:48:37.210Z  INFO 145 --- [    Test worker] c.p.controller.PropertyControllerTest    : Starting PropertyControllerTest using Java 17.0.14 with PID 145 (started by root in /app)
2025-03-26T10:48:37.211Z  INFO 145 --- [    Test worker] c.p.controller.PropertyControllerTest    : The following 1 profile is active: "test"
2025-03-26T10:48:38.766Z  INFO 145 --- [    Test worker] o.s.b.t.m.w.SpringBootMockServletContext : Initializing Spring TestDispatcherServlet ''
2025-03-26T10:48:38.767Z  INFO 145 --- [    Test worker] o.s.t.web.servlet.TestDispatcherServlet  : Initializing Servlet ''
2025-03-26T10:48:38.770Z  INFO 145 --- [    Test worker] o.s.t.web.servlet.TestDispatcherServlet  : Completed initialization in 1 ms
2025-03-26T10:48:38.795Z  INFO 145 --- [    Test worker] c.p.controller.PropertyControllerTest    : Started PropertyControllerTest in 1.755 seconds (process running for 32.212)
]]></system-out>
  <system-err><![CDATA[]]></system-err>
</testsuite>
